#
# A fatal error has been detected by the Java Runtime Environment:
#
#  Internal Error (generateOopMap.cpp:2164), pid=20784, tid=12291
#  fatal error: Illegal class file encountered. Try running with -Xverify:all in method checkMove
#
# JRE version: OpenJDK Runtime Environment (Zulu11.31+11-CA) (11.0.3+7) (build 11.0.3+7-LTS)
# Java VM: OpenJDK 64-Bit Server VM (11.0.3+7-LTS, mixed mode, tiered, compressed oops, g1 gc, bsd-amd64)
# No core dump will be written. Core dumps have been disabled. To enable core dumping, try "ulimit -c unlimited" before starting Java again
#
# If you would like to submit a bug report, please visit:
#   http://www.azulsystems.com/support/
#

---------------  S U M M A R Y ------------

Command Line: -agentlib:jdwp=transport=dt_socket,suspend=y,address=localhost:53553 -ea -javaagent:/Applications/Eclipse.app/Contents/Eclipse/configuration/org.eclipse.osgi/403/0/.cp/lib/javaagent-shaded.jar -Dfile.encoding=UTF-8 org.eclipse.jdt.internal.junit.runner.RemoteTestRunner -version 3 -port 53552 -testLoaderClass org.eclipse.jdt.internal.junit5.runner.JUnit5TestLoader -loaderpluginname org.eclipse.jdt.junit5.runtime -classNames unsw.dungeon.tests.playerMoveTest

Host: MacBookPro15,2 x86_64 2300 MHz, 8 cores, 8G, Darwin 19.0.0
Time: Sat Nov  2 15:28:25 2019 AEDT elapsed time: 16370 seconds (0d 4h 32m 50s)

---------------  T H R E A D  ---------------

Current thread (0x00007ff30b83f000):  VMThread "VM Thread" [stack: 0x0000700000ccc000,0x0000700000dcc000] [id=12291]

Stack: [0x0000700000ccc000,0x0000700000dcc000],  sp=0x0000700000dcaf60,  free space=1019k
Native frames: (J=compiled Java code, A=aot compiled Java code, j=interpreted, Vv=VM code, C=native code)
V  [libjvm.dylib+0x77b946]  _ZN7VMError14report_and_dieEiPKcS1_P13__va_list_tagP6ThreadPhPvS7_S1_im+0x5d2
V  [libjvm.dylib+0x77c004]  _ZN7VMError14report_and_dieEP6ThreadPvPKciS4_S4_P13__va_list_tag+0x4a
V  [libjvm.dylib+0x2773ad]  _Z12report_fatalPKciS0_z+0xc6
V  [libjvm.dylib+0x368ea5]  _ZN14GenerateOopMap10error_workEPKcP13__va_list_tag+0xeb
V  [libjvm.dylib+0x3661cd]  _ZN14GenerateOopMap12report_errorEPKcz+0x8d
V  [libjvm.dylib+0x3681e1]  _ZN14GenerateOopMap4ppopEP13CellTypeState+0x31
V  [libjvm.dylib+0x36808e]  _ZN14GenerateOopMap2ppEP13CellTypeStateS1_+0x12
V  [libjvm.dylib+0x366e22]  _ZN14GenerateOopMap9interp_bbEP10BasicBlock+0xe2
V  [libjvm.dylib+0x366b5b]  _ZN14GenerateOopMap10interp_allEv+0x53
V  [libjvm.dylib+0x366863]  _ZN14GenerateOopMap17do_interpretationEv+0x4b
V  [libjvm.dylib+0x368cd5]  _ZN14GenerateOopMap11compute_mapEP6Thread+0x16b
V  [libjvm.dylib+0x60bdc8]  _ZN19OopMapForCacheEntry11compute_mapEP6Thread+0x60
V  [libjvm.dylib+0x60c5e6]  _ZN16OopMapCacheEntry4fillERK12methodHandlei+0xac
V  [libjvm.dylib+0x60cdc3]  _ZN11OopMapCache19compute_one_oop_mapERK12methodHandleiP17InterpreterOopMap+0x71
V  [libjvm.dylib+0x5d10bd]  _ZN6Method8mask_forEiP17InterpreterOopMap+0x7f
V  [libjvm.dylib+0x4d98f7]  _ZN16VM_GetOrSetLocal4doitEv+0x45
V  [libjvm.dylib+0x785458]  _ZN12VM_Operation8evaluateEv+0xe0
V  [libjvm.dylib+0x7849fa]  _ZN8VMThread18evaluate_operationEP12VM_Operation+0x17c
V  [libjvm.dylib+0x784606]  _ZN8VMThread4loopEv+0x340
V  [libjvm.dylib+0x7841d8]  _ZN8VMThread3runEv+0x70
V  [libjvm.dylib+0x723b3b]  _ZN6Thread8call_runEv+0x57
V  [libjvm.dylib+0x6156f0]  _ZL19thread_native_entryP6Thread+0x12f
C  [libsystem_pthread.dylib+0x5d76]  _pthread_start+0x7d
C  [libsystem_pthread.dylib+0x25d7]  thread_start+0xf

VM_Operation (0x00007000016e9a88): GetOrSetLocal, mode: safepoint, requested by thread 0x00007ff30f020000


---------------  P R O C E S S  ---------------

Threads class SMR info:
_java_thread_list=0x00007ff30b626800, length=13, elements={
0x00007ff30d009800, 0x00007ff30e02e800, 0x00007ff30e033800, 0x00007ff30b840000,
0x00007ff30b84f000, 0x00007ff30b84f800, 0x00007ff30c800000, 0x00007ff30d065800,
0x00007ff30f020000, 0x00007ff30f023000, 0x00007ff30f024000, 0x00007ff30ba01000,
0x00007ff30c0f5000
}

Java Threads: ( => current thread )
  0x00007ff30d009800 JavaThread "main" [_thread_blocked, id=5635, stack(0x00007000006ba000,0x00007000007ba000)]
  0x00007ff30e02e800 JavaThread "Reference Handler" daemon [_thread_blocked, id=18947, stack(0x0000700000dcf000,0x0000700000ecf000)]
  0x00007ff30e033800 JavaThread "Finalizer" daemon [_thread_blocked, id=18435, stack(0x0000700000ed2000,0x0000700000fd2000)]
  0x00007ff30b840000 JavaThread "Signal Dispatcher" daemon [_thread_blocked, id=15107, stack(0x00007000010db000,0x00007000011db000)]
  0x00007ff30b84f000 JavaThread "C2 CompilerThread0" daemon [_thread_blocked, id=15363, stack(0x00007000011de000,0x00007000012de000)]
  0x00007ff30b84f800 JavaThread "C1 CompilerThread0" daemon [_thread_blocked, id=16131, stack(0x00007000012e1000,0x00007000013e1000)]
  0x00007ff30c800000 JavaThread "Sweeper thread" daemon [_thread_blocked, id=22019, stack(0x00007000013e4000,0x00007000014e4000)]
  0x00007ff30d065800 JavaThread "Common-Cleaner" daemon [_thread_blocked, id=22275, stack(0x00007000014e7000,0x00007000015e7000)]
  0x00007ff30f020000 JavaThread "JDWP Transport Listener: dt_socket" daemon [_thread_blocked, id=22787, stack(0x00007000015ea000,0x00007000016ea000)] _threads_hazard_ptr=0x00007ff30b626800
  0x00007ff30f023000 JavaThread "JDWP Event Helper Thread" daemon [_thread_blocked, id=41987, stack(0x00007000016ed000,0x00007000017ed000)]
  0x00007ff30f024000 JavaThread "JDWP Command Reader" daemon [_thread_in_native, id=41219, stack(0x00007000017f0000,0x00007000018f0000)]
  0x00007ff30ba01000 JavaThread "Service Thread" daemon [_thread_blocked, id=40963, stack(0x00007000018f3000,0x00007000019f3000)]
  0x00007ff30c0f5000 JavaThread "ReaderThread" [_thread_in_native, id=40451, stack(0x0000700001af9000,0x0000700001bf9000)]

Other Threads:
=>0x00007ff30b83f000 VMThread "VM Thread" [stack: 0x0000700000ccc000,0x0000700000dcc000] [id=12291]
  0x00007ff30ba32000 WatcherThread [stack: 0x00007000019f6000,0x0000700001af6000] [id=23555]
  0x00007ff30e003800 GCTaskThread "GC Thread#0" [stack: 0x00007000007bd000,0x00007000008bd000] [id=20995]
  0x00007ff30bcb8000 GCTaskThread "GC Thread#1" [stack: 0x0000700001bfc000,0x0000700001cfc000] [id=39939]
  0x00007ff30bcb9000 GCTaskThread "GC Thread#2" [stack: 0x0000700001cff000,0x0000700001dff000] [id=24323]
  0x00007ff30c803000 GCTaskThread "GC Thread#3" [stack: 0x0000700001e02000,0x0000700001f02000] [id=39427]
  0x00007ff30d035800 ConcurrentGCThread "G1 Main Marker" [stack: 0x00007000008c0000,0x00007000009c0000] [id=20483]
  0x00007ff30d036000 ConcurrentGCThread "G1 Conc#0" [stack: 0x00007000009c3000,0x0000700000ac3000] [id=19715]
  0x00007ff30e02b000 ConcurrentGCThread "G1 Refine#0" [stack: 0x0000700000ac6000,0x0000700000bc6000] [id=19459]
  0x00007ff30d057000 ConcurrentGCThread "G1 Young RemSet Sampling" [stack: 0x0000700000bc9000,0x0000700000cc9000] [id=19203]

Threads with active compile tasks:

VM state:at safepoint (normal execution)

VM Mutex/Monitor currently owned by a thread:  ([mutex/lock_event])
[0x00007ff30b40afd0] Threads_lock - owner thread: 0x00007ff30b83f000

Heap address: 0x0000000780000000, size: 2048 MB, Compressed Oops mode: Zero based, Oop shift amount: 3
Narrow klass base: 0x0000000800000000, Narrow klass shift: 0
Compressed class space size: 1073741824 Address: 0x0000000800000000

Heap:
 garbage-first heap   total 131072K, used 24058K [0x0000000780000000, 0x0000000800000000)
  region size 1024K, 25 young (25600K), 3 survivors (3072K)
 Metaspace       used 15197K, capacity 15701K, committed 15872K, reserved 1062912K
  class space    used 1559K, capacity 1738K, committed 1792K, reserved 1048576K
Heap Regions: E=young(eden), S=young(survivor), O=old, HS=humongous(starts), HC=humongous(continues), CS=collection set, F=free, A=archive, TAMS=top-at-mark-start (previous, next)
|   0|0x0000000780000000, 0x0000000780000000, 0x0000000780100000|  0%| F|  |TAMS 0x0000000780000000, 0x0000000780000000| Untracked 
|   1|0x0000000780100000, 0x0000000780100000, 0x0000000780200000|  0%| F|  |TAMS 0x0000000780100000, 0x0000000780100000| Untracked 
|   2|0x0000000780200000, 0x0000000780200000, 0x0000000780300000|  0%| F|  |TAMS 0x0000000780200000, 0x0000000780200000| Untracked 
|   3|0x0000000780300000, 0x0000000780300000, 0x0000000780400000|  0%| F|  |TAMS 0x0000000780300000, 0x0000000780300000| Untracked 
|   4|0x0000000780400000, 0x0000000780400000, 0x0000000780500000|  0%| F|  |TAMS 0x0000000780400000, 0x0000000780400000| Untracked 
|   5|0x0000000780500000, 0x0000000780500000, 0x0000000780600000|  0%| F|  |TAMS 0x0000000780500000, 0x0000000780500000| Untracked 
|   6|0x0000000780600000, 0x0000000780600000, 0x0000000780700000|  0%| F|  |TAMS 0x0000000780600000, 0x0000000780600000| Untracked 
|   7|0x0000000780700000, 0x0000000780700000, 0x0000000780800000|  0%| F|  |TAMS 0x0000000780700000, 0x0000000780700000| Untracked 
|   8|0x0000000780800000, 0x0000000780800000, 0x0000000780900000|  0%| F|  |TAMS 0x0000000780800000, 0x0000000780800000| Untracked 
|   9|0x0000000780900000, 0x0000000780900000, 0x0000000780a00000|  0%| F|  |TAMS 0x0000000780900000, 0x0000000780900000| Untracked 
|  10|0x0000000780a00000, 0x0000000780a00000, 0x0000000780b00000|  0%| F|  |TAMS 0x0000000780a00000, 0x0000000780a00000| Untracked 
|  11|0x0000000780b00000, 0x0000000780b00000, 0x0000000780c00000|  0%| F|  |TAMS 0x0000000780b00000, 0x0000000780b00000| Untracked 
|  12|0x0000000780c00000, 0x0000000780c00000, 0x0000000780d00000|  0%| F|  |TAMS 0x0000000780c00000, 0x0000000780c00000| Untracked 
|  13|0x0000000780d00000, 0x0000000780d00000, 0x0000000780e00000|  0%| F|  |TAMS 0x0000000780d00000, 0x0000000780d00000| Untracked 
|  14|0x0000000780e00000, 0x0000000780e00000, 0x0000000780f00000|  0%| F|  |TAMS 0x0000000780e00000, 0x0000000780e00000| Untracked 
|  15|0x0000000780f00000, 0x0000000780f00000, 0x0000000781000000|  0%| F|  |TAMS 0x0000000780f00000, 0x0000000780f00000| Untracked 
|  16|0x0000000781000000, 0x0000000781000000, 0x0000000781100000|  0%| F|  |TAMS 0x0000000781000000, 0x0000000781000000| Untracked 
|  17|0x0000000781100000, 0x0000000781100000, 0x0000000781200000|  0%| F|  |TAMS 0x0000000781100000, 0x0000000781100000| Untracked 
|  18|0x0000000781200000, 0x0000000781200000, 0x0000000781300000|  0%| F|  |TAMS 0x0000000781200000, 0x0000000781200000| Untracked 
|  19|0x0000000781300000, 0x0000000781300000, 0x0000000781400000|  0%| F|  |TAMS 0x0000000781300000, 0x0000000781300000| Untracked 
|  20|0x0000000781400000, 0x0000000781400000, 0x0000000781500000|  0%| F|  |TAMS 0x0000000781400000, 0x0000000781400000| Untracked 
|  21|0x0000000781500000, 0x0000000781500000, 0x0000000781600000|  0%| F|  |TAMS 0x0000000781500000, 0x0000000781500000| Untracked 
|  22|0x0000000781600000, 0x0000000781600000, 0x0000000781700000|  0%| F|  |TAMS 0x0000000781600000, 0x0000000781600000| Untracked 
|  23|0x0000000781700000, 0x0000000781700000, 0x0000000781800000|  0%| F|  |TAMS 0x0000000781700000, 0x0000000781700000| Untracked 
|  24|0x0000000781800000, 0x0000000781800000, 0x0000000781900000|  0%| F|  |TAMS 0x0000000781800000, 0x0000000781800000| Untracked 
|  25|0x0000000781900000, 0x0000000781900000, 0x0000000781a00000|  0%| F|  |TAMS 0x0000000781900000, 0x0000000781900000| Untracked 
|  26|0x0000000781a00000, 0x0000000781a00000, 0x0000000781b00000|  0%| F|  |TAMS 0x0000000781a00000, 0x0000000781a00000| Untracked 
|  27|0x0000000781b00000, 0x0000000781b00000, 0x0000000781c00000|  0%| F|  |TAMS 0x0000000781b00000, 0x0000000781b00000| Untracked 
|  28|0x0000000781c00000, 0x0000000781c00000, 0x0000000781d00000|  0%| F|  |TAMS 0x0000000781c00000, 0x0000000781c00000| Untracked 
|  29|0x0000000781d00000, 0x0000000781d00000, 0x0000000781e00000|  0%| F|  |TAMS 0x0000000781d00000, 0x0000000781d00000| Untracked 
|  30|0x0000000781e00000, 0x0000000781e00000, 0x0000000781f00000|  0%| F|  |TAMS 0x0000000781e00000, 0x0000000781e00000| Untracked 
|  31|0x0000000781f00000, 0x0000000781f00000, 0x0000000782000000|  0%| F|  |TAMS 0x0000000781f00000, 0x0000000781f00000| Untracked 
|  32|0x0000000782000000, 0x0000000782000000, 0x0000000782100000|  0%| F|  |TAMS 0x0000000782000000, 0x0000000782000000| Untracked 
|  33|0x0000000782100000, 0x0000000782100000, 0x0000000782200000|  0%| F|  |TAMS 0x0000000782100000, 0x0000000782100000| Untracked 
|  34|0x0000000782200000, 0x0000000782200000, 0x0000000782300000|  0%| F|  |TAMS 0x0000000782200000, 0x0000000782200000| Untracked 
|  35|0x0000000782300000, 0x0000000782300000, 0x0000000782400000|  0%| F|  |TAMS 0x0000000782300000, 0x0000000782300000| Untracked 
|  36|0x0000000782400000, 0x0000000782400000, 0x0000000782500000|  0%| F|  |TAMS 0x0000000782400000, 0x0000000782400000| Untracked 
|  37|0x0000000782500000, 0x0000000782500000, 0x0000000782600000|  0%| F|  |TAMS 0x0000000782500000, 0x0000000782500000| Untracked 
|  38|0x0000000782600000, 0x0000000782600000, 0x0000000782700000|  0%| F|  |TAMS 0x0000000782600000, 0x0000000782600000| Untracked 
|  39|0x0000000782700000, 0x0000000782700000, 0x0000000782800000|  0%| F|  |TAMS 0x0000000782700000, 0x0000000782700000| Untracked 
|  40|0x0000000782800000, 0x0000000782800000, 0x0000000782900000|  0%| F|  |TAMS 0x0000000782800000, 0x0000000782800000| Untracked 
|  41|0x0000000782900000, 0x0000000782900000, 0x0000000782a00000|  0%| F|  |TAMS 0x0000000782900000, 0x0000000782900000| Untracked 
|  42|0x0000000782a00000, 0x0000000782a00000, 0x0000000782b00000|  0%| F|  |TAMS 0x0000000782a00000, 0x0000000782a00000| Untracked 
|  43|0x0000000782b00000, 0x0000000782b00000, 0x0000000782c00000|  0%| F|  |TAMS 0x0000000782b00000, 0x0000000782b00000| Untracked 
|  44|0x0000000782c00000, 0x0000000782c00000, 0x0000000782d00000|  0%| F|  |TAMS 0x0000000782c00000, 0x0000000782c00000| Untracked 
|  45|0x0000000782d00000, 0x0000000782d00000, 0x0000000782e00000|  0%| F|  |TAMS 0x0000000782d00000, 0x0000000782d00000| Untracked 
|  46|0x0000000782e00000, 0x0000000782e00000, 0x0000000782f00000|  0%| F|  |TAMS 0x0000000782e00000, 0x0000000782e00000| Untracked 
|  47|0x0000000782f00000, 0x0000000782f00000, 0x0000000783000000|  0%| F|  |TAMS 0x0000000782f00000, 0x0000000782f00000| Untracked 
|  48|0x0000000783000000, 0x0000000783000000, 0x0000000783100000|  0%| F|  |TAMS 0x0000000783000000, 0x0000000783000000| Untracked 
|  49|0x0000000783100000, 0x0000000783100000, 0x0000000783200000|  0%| F|  |TAMS 0x0000000783100000, 0x0000000783100000| Untracked 
|  50|0x0000000783200000, 0x0000000783200000, 0x0000000783300000|  0%| F|  |TAMS 0x0000000783200000, 0x0000000783200000| Untracked 
|  51|0x0000000783300000, 0x0000000783300000, 0x0000000783400000|  0%| F|  |TAMS 0x0000000783300000, 0x0000000783300000| Untracked 
|  52|0x0000000783400000, 0x0000000783400000, 0x0000000783500000|  0%| F|  |TAMS 0x0000000783400000, 0x0000000783400000| Untracked 
|  53|0x0000000783500000, 0x0000000783500000, 0x0000000783600000|  0%| F|  |TAMS 0x0000000783500000, 0x0000000783500000| Untracked 
|  54|0x0000000783600000, 0x0000000783600000, 0x0000000783700000|  0%| F|  |TAMS 0x0000000783600000, 0x0000000783600000| Untracked 
|  55|0x0000000783700000, 0x0000000783700000, 0x0000000783800000|  0%| F|  |TAMS 0x0000000783700000, 0x0000000783700000| Untracked 
|  56|0x0000000783800000, 0x0000000783800000, 0x0000000783900000|  0%| F|  |TAMS 0x0000000783800000, 0x0000000783800000| Untracked 
|  57|0x0000000783900000, 0x0000000783900000, 0x0000000783a00000|  0%| F|  |TAMS 0x0000000783900000, 0x0000000783900000| Untracked 
|  58|0x0000000783a00000, 0x0000000783a00000, 0x0000000783b00000|  0%| F|  |TAMS 0x0000000783a00000, 0x0000000783a00000| Untracked 
|  59|0x0000000783b00000, 0x0000000783b00000, 0x0000000783c00000|  0%| F|  |TAMS 0x0000000783b00000, 0x0000000783b00000| Untracked 
|  60|0x0000000783c00000, 0x0000000783c00000, 0x0000000783d00000|  0%| F|  |TAMS 0x0000000783c00000, 0x0000000783c00000| Untracked 
|  61|0x0000000783d00000, 0x0000000783d00000, 0x0000000783e00000|  0%| F|  |TAMS 0x0000000783d00000, 0x0000000783d00000| Untracked 
|  62|0x0000000783e00000, 0x0000000783e00000, 0x0000000783f00000|  0%| F|  |TAMS 0x0000000783e00000, 0x0000000783e00000| Untracked 
|  63|0x0000000783f00000, 0x0000000783f00000, 0x0000000784000000|  0%| F|  |TAMS 0x0000000783f00000, 0x0000000783f00000| Untracked 
|  64|0x0000000784000000, 0x0000000784000000, 0x0000000784100000|  0%| F|  |TAMS 0x0000000784000000, 0x0000000784000000| Untracked 
|  65|0x0000000784100000, 0x0000000784100000, 0x0000000784200000|  0%| F|  |TAMS 0x0000000784100000, 0x0000000784100000| Untracked 
|  66|0x0000000784200000, 0x0000000784200000, 0x0000000784300000|  0%| F|  |TAMS 0x0000000784200000, 0x0000000784200000| Untracked 
|  67|0x0000000784300000, 0x0000000784300000, 0x0000000784400000|  0%| F|  |TAMS 0x0000000784300000, 0x0000000784300000| Untracked 
|  68|0x0000000784400000, 0x0000000784400000, 0x0000000784500000|  0%| F|  |TAMS 0x0000000784400000, 0x0000000784400000| Untracked 
|  69|0x0000000784500000, 0x0000000784500000, 0x0000000784600000|  0%| F|  |TAMS 0x0000000784500000, 0x0000000784500000| Untracked 
|  70|0x0000000784600000, 0x0000000784600000, 0x0000000784700000|  0%| F|  |TAMS 0x0000000784600000, 0x0000000784600000| Untracked 
|  71|0x0000000784700000, 0x0000000784700000, 0x0000000784800000|  0%| F|  |TAMS 0x0000000784700000, 0x0000000784700000| Untracked 
|  72|0x0000000784800000, 0x0000000784800000, 0x0000000784900000|  0%| F|  |TAMS 0x0000000784800000, 0x0000000784800000| Untracked 
|  73|0x0000000784900000, 0x0000000784900000, 0x0000000784a00000|  0%| F|  |TAMS 0x0000000784900000, 0x0000000784900000| Untracked 
|  74|0x0000000784a00000, 0x0000000784a00000, 0x0000000784b00000|  0%| F|  |TAMS 0x0000000784a00000, 0x0000000784a00000| Untracked 
|  75|0x0000000784b00000, 0x0000000784b00000, 0x0000000784c00000|  0%| F|  |TAMS 0x0000000784b00000, 0x0000000784b00000| Untracked 
|  76|0x0000000784c00000, 0x0000000784c00000, 0x0000000784d00000|  0%| F|  |TAMS 0x0000000784c00000, 0x0000000784c00000| Untracked 
|  77|0x0000000784d00000, 0x0000000784d00000, 0x0000000784e00000|  0%| F|  |TAMS 0x0000000784d00000, 0x0000000784d00000| Untracked 
|  78|0x0000000784e00000, 0x0000000784e00000, 0x0000000784f00000|  0%| F|  |TAMS 0x0000000784e00000, 0x0000000784e00000| Untracked 
|  79|0x0000000784f00000, 0x0000000784f00000, 0x0000000785000000|  0%| F|  |TAMS 0x0000000784f00000, 0x0000000784f00000| Untracked 
|  80|0x0000000785000000, 0x0000000785000000, 0x0000000785100000|  0%| F|  |TAMS 0x0000000785000000, 0x0000000785000000| Untracked 
|  81|0x0000000785100000, 0x0000000785100000, 0x0000000785200000|  0%| F|  |TAMS 0x0000000785100000, 0x0000000785100000| Untracked 
|  82|0x0000000785200000, 0x0000000785200000, 0x0000000785300000|  0%| F|  |TAMS 0x0000000785200000, 0x0000000785200000| Untracked 
|  83|0x0000000785300000, 0x0000000785300000, 0x0000000785400000|  0%| F|  |TAMS 0x0000000785300000, 0x0000000785300000| Untracked 
|  84|0x0000000785400000, 0x0000000785400000, 0x0000000785500000|  0%| F|  |TAMS 0x0000000785400000, 0x0000000785400000| Untracked 
|  85|0x0000000785500000, 0x0000000785500000, 0x0000000785600000|  0%| F|  |TAMS 0x0000000785500000, 0x0000000785500000| Untracked 
|  86|0x0000000785600000, 0x0000000785600000, 0x0000000785700000|  0%| F|  |TAMS 0x0000000785600000, 0x0000000785600000| Untracked 
|  87|0x0000000785700000, 0x0000000785700000, 0x0000000785800000|  0%| F|  |TAMS 0x0000000785700000, 0x0000000785700000| Untracked 
|  88|0x0000000785800000, 0x0000000785800000, 0x0000000785900000|  0%| F|  |TAMS 0x0000000785800000, 0x0000000785800000| Untracked 
|  89|0x0000000785900000, 0x0000000785900000, 0x0000000785a00000|  0%| F|  |TAMS 0x0000000785900000, 0x0000000785900000| Untracked 
|  90|0x0000000785a00000, 0x0000000785a00000, 0x0000000785b00000|  0%| F|  |TAMS 0x0000000785a00000, 0x0000000785a00000| Untracked 
|  91|0x0000000785b00000, 0x0000000785b00000, 0x0000000785c00000|  0%| F|  |TAMS 0x0000000785b00000, 0x0000000785b00000| Untracked 
|  92|0x0000000785c00000, 0x0000000785c00000, 0x0000000785d00000|  0%| F|  |TAMS 0x0000000785c00000, 0x0000000785c00000| Untracked 
|  93|0x0000000785d00000, 0x0000000785d00000, 0x0000000785e00000|  0%| F|  |TAMS 0x0000000785d00000, 0x0000000785d00000| Untracked 
|  94|0x0000000785e00000, 0x0000000785e00000, 0x0000000785f00000|  0%| F|  |TAMS 0x0000000785e00000, 0x0000000785e00000| Untracked 
|  95|0x0000000785f00000, 0x0000000785f00000, 0x0000000786000000|  0%| F|  |TAMS 0x0000000785f00000, 0x0000000785f00000| Untracked 
|  96|0x0000000786000000, 0x0000000786000000, 0x0000000786100000|  0%| F|  |TAMS 0x0000000786000000, 0x0000000786000000| Untracked 
|  97|0x0000000786100000, 0x0000000786100000, 0x0000000786200000|  0%| F|  |TAMS 0x0000000786100000, 0x0000000786100000| Untracked 
|  98|0x0000000786200000, 0x0000000786200000, 0x0000000786300000|  0%| F|  |TAMS 0x0000000786200000, 0x0000000786200000| Untracked 
|  99|0x0000000786300000, 0x0000000786300000, 0x0000000786400000|  0%| F|  |TAMS 0x0000000786300000, 0x0000000786300000| Untracked 
| 100|0x0000000786400000, 0x0000000786400000, 0x0000000786500000|  0%| F|  |TAMS 0x0000000786400000, 0x0000000786400000| Untracked 
| 101|0x0000000786500000, 0x000000078657ea48, 0x0000000786600000| 49%| S|CS|TAMS 0x0000000786500000, 0x0000000786500000| Complete 
| 102|0x0000000786600000, 0x0000000786700000, 0x0000000786700000|100%| S|CS|TAMS 0x0000000786600000, 0x0000000786600000| Complete 
| 103|0x0000000786700000, 0x0000000786800000, 0x0000000786800000|100%| S|CS|TAMS 0x0000000786700000, 0x0000000786700000| Complete 
| 104|0x0000000786800000, 0x0000000786800000, 0x0000000786900000|  0%| F|  |TAMS 0x0000000786800000, 0x0000000786800000| Untracked 
| 105|0x0000000786900000, 0x0000000786900000, 0x0000000786a00000|  0%| F|  |TAMS 0x0000000786900000, 0x0000000786900000| Untracked 
| 106|0x0000000786a00000, 0x0000000786b00000, 0x0000000786b00000|100%| E|  |TAMS 0x0000000786a00000, 0x0000000786a00000| Complete 
| 107|0x0000000786b00000, 0x0000000786c00000, 0x0000000786c00000|100%| E|CS|TAMS 0x0000000786b00000, 0x0000000786b00000| Complete 
| 108|0x0000000786c00000, 0x0000000786d00000, 0x0000000786d00000|100%| E|CS|TAMS 0x0000000786c00000, 0x0000000786c00000| Complete 
| 109|0x0000000786d00000, 0x0000000786e00000, 0x0000000786e00000|100%| E|CS|TAMS 0x0000000786d00000, 0x0000000786d00000| Complete 
| 110|0x0000000786e00000, 0x0000000786f00000, 0x0000000786f00000|100%| E|CS|TAMS 0x0000000786e00000, 0x0000000786e00000| Complete 
| 111|0x0000000786f00000, 0x0000000787000000, 0x0000000787000000|100%| E|CS|TAMS 0x0000000786f00000, 0x0000000786f00000| Complete 
| 112|0x0000000787000000, 0x0000000787100000, 0x0000000787100000|100%| E|CS|TAMS 0x0000000787000000, 0x0000000787000000| Complete 
| 113|0x0000000787100000, 0x0000000787200000, 0x0000000787200000|100%| E|CS|TAMS 0x0000000787100000, 0x0000000787100000| Complete 
| 114|0x0000000787200000, 0x0000000787300000, 0x0000000787300000|100%| E|CS|TAMS 0x0000000787200000, 0x0000000787200000| Complete 
| 115|0x0000000787300000, 0x0000000787400000, 0x0000000787400000|100%| E|CS|TAMS 0x0000000787300000, 0x0000000787300000| Complete 
| 116|0x0000000787400000, 0x0000000787500000, 0x0000000787500000|100%| E|CS|TAMS 0x0000000787400000, 0x0000000787400000| Complete 
| 117|0x0000000787500000, 0x0000000787600000, 0x0000000787600000|100%| E|CS|TAMS 0x0000000787500000, 0x0000000787500000| Complete 
| 118|0x0000000787600000, 0x0000000787700000, 0x0000000787700000|100%| E|CS|TAMS 0x0000000787600000, 0x0000000787600000| Complete 
| 119|0x0000000787700000, 0x0000000787800000, 0x0000000787800000|100%| E|CS|TAMS 0x0000000787700000, 0x0000000787700000| Complete 
| 120|0x0000000787800000, 0x0000000787900000, 0x0000000787900000|100%| E|CS|TAMS 0x0000000787800000, 0x0000000787800000| Complete 
| 121|0x0000000787900000, 0x0000000787a00000, 0x0000000787a00000|100%| E|CS|TAMS 0x0000000787900000, 0x0000000787900000| Complete 
| 122|0x0000000787a00000, 0x0000000787b00000, 0x0000000787b00000|100%| E|CS|TAMS 0x0000000787a00000, 0x0000000787a00000| Complete 
| 123|0x0000000787b00000, 0x0000000787c00000, 0x0000000787c00000|100%| E|CS|TAMS 0x0000000787b00000, 0x0000000787b00000| Complete 
| 124|0x0000000787c00000, 0x0000000787d00000, 0x0000000787d00000|100%| E|CS|TAMS 0x0000000787c00000, 0x0000000787c00000| Complete 
| 125|0x0000000787d00000, 0x0000000787e00000, 0x0000000787e00000|100%| E|CS|TAMS 0x0000000787d00000, 0x0000000787d00000| Complete 
| 126|0x0000000787e00000, 0x0000000787f00000, 0x0000000787f00000|100%| E|CS|TAMS 0x0000000787e00000, 0x0000000787e00000| Complete 
| 127|0x0000000787f00000, 0x0000000788000000, 0x0000000788000000|100%| E|CS|TAMS 0x0000000787f00000, 0x0000000787f00000| Complete 

Card table byte_map: [0x000000012b0d1000,0x000000012b4d1000] _byte_map_base: 0x00000001274d1000

Marking Bits (Prev, Next): (CMBitMap*) 0x00007ff30d007418, (CMBitMap*) 0x00007ff30d007450
 Prev Bits: [0x000000012b8d1000, 0x000000012d8d1000)
 Next Bits: [0x000000012d8d1000, 0x000000012f8d1000)

Polling page: 0x000000010fb94000

Metaspace:

Usage:
  Non-class:     13.64 MB capacity,    13.32 MB ( 98%) used,   278.29 KB (  2%) free+waste,    46.38 KB ( <1%) overhead. 
      Class:      1.70 MB capacity,     1.52 MB ( 90%) used,   156.92 KB (  9%) free+waste,    21.94 KB (  1%) overhead. 
       Both:     15.33 MB capacity,    14.84 MB ( 97%) used,   435.21 KB (  3%) free+waste,    68.31 KB ( <1%) overhead. 

Virtual space:
  Non-class space:       14.00 MB reserved,      13.75 MB ( 98%) committed 
      Class space:        1.00 GB reserved,       1.75 MB ( <1%) committed 
             Both:        1.01 GB reserved,      15.50 MB (  1%) committed 

Chunk freelists:
   Non-Class:  25.00 KB
       Class:  22.00 KB
        Both:  47.00 KB

CodeHeap 'non-profiled nmethods': size=120032Kb used=579Kb max_used=579Kb free=119452Kb
 bounds [0x0000000123799000, 0x0000000123a09000, 0x000000012acd1000]
CodeHeap 'profiled nmethods': size=120028Kb used=2705Kb max_used=3162Kb free=117322Kb
 bounds [0x000000011c262000, 0x000000011c582000, 0x0000000123799000]
CodeHeap 'non-nmethods': size=5700Kb used=1155Kb max_used=1226Kb free=4544Kb
 bounds [0x000000011bcd1000, 0x000000011bf41000, 0x000000011c262000]
 total_blobs=2097 nmethods=1272 adapters=324
 compilation: enabled
              stopped_count=0, restarted_count=0
 full_count=0

Compilation events (10 events):
Event: 11270.750 Thread 0x00007ff30b84f800 1409       3       org.eclipse.jdt.launching.internal.org.objectweb.asm.ClassVisitor::visitSource (17 bytes)
Event: 11270.750 Thread 0x00007ff30b84f800 nmethod 1409 0x000000011c27f090 code [0x000000011c27f260, 0x000000011c27f4e8]
Event: 11270.750 Thread 0x00007ff30b84f800 1410       3       org.eclipse.jdt.launching.internal.org.objectweb.asm.ClassWriter::visitSource (39 bytes)
Event: 11270.751 Thread 0x00007ff30b84f800 nmethod 1410 0x000000011c281910 code [0x000000011c281b00, 0x000000011c282018]
Event: 11270.751 Thread 0x00007ff30b84f800 1411       3       org.eclipse.jdt.launching.internal.org.objectweb.asm.ClassVisitor::visitEnd (15 bytes)
Event: 11270.751 Thread 0x00007ff30b84f800 nmethod 1411 0x000000011c27b890 code [0x000000011c27ba60, 0x000000011c27bcc8]
Event: 11270.751 Thread 0x00007ff30b84f800 1412       3       org.eclipse.jdt.launching.internal.org.objectweb.asm.ClassWriter::visitEnd (1 bytes)
Event: 11270.751 Thread 0x00007ff30b84f800 nmethod 1412 0x000000011c263910 code [0x000000011c263ac0, 0x000000011c263c10]
Event: 11415.631 Thread 0x00007ff30b84f000 1413       4       org.eclipse.jdt.launching.internal.org.objectweb.asm.Attribute::computeAttributesSize (62 bytes)
Event: 11415.635 Thread 0x00007ff30b84f000 nmethod 1413 0x00000001237ca510 code [0x00000001237ca6c0, 0x00000001237ca858]

GC Heap History (2 events):
Event: 0.629 GC heap before
{Heap before GC invocations=0 (full 0):
 garbage-first heap   total 131072K, used 23552K [0x0000000780000000, 0x0000000800000000)
  region size 1024K, 24 young (24576K), 0 survivors (0K)
 Metaspace       used 12316K, capacity 12547K, committed 12800K, reserved 1060864K
  class space    used 1159K, capacity 1220K, committed 1280K, reserved 1048576K
}
Event: 0.632 GC heap after
{Heap after GC invocations=1 (full 0):
 garbage-first heap   total 131072K, used 2554K [0x0000000780000000, 0x0000000800000000)
  region size 1024K, 3 young (3072K), 3 survivors (3072K)
 Metaspace       used 12316K, capacity 12547K, committed 12800K, reserved 1060864K
  class space    used 1159K, capacity 1220K, committed 1280K, reserved 1048576K
}

Deoptimization events (7 events):
Event: 0.539 Thread 0x00007ff30d009800 Uncommon trap: reason=unstable_if action=reinterpret pc=0x00000001237c7228 method=org.eclipse.jdt.launching.internal.org.objectweb.asm.ClassReader.readUtf(II[C)Ljava/lang/String; @ 41 c2
Event: 0.539 Thread 0x00007ff30d009800 Uncommon trap: reason=unstable_if action=reinterpret pc=0x00000001237a1aa8 method=java.lang.String.isLatin1()Z @ 10 c2
Event: 0.539 Thread 0x00007ff30d009800 Uncommon trap: reason=predicate action=maybe_recompile pc=0x00000001237c34a8 method=org.eclipse.jdt.launching.internal.org.objectweb.asm.ByteVector.putUTF8(Ljava/lang/String;)Lorg/eclipse/jdt/launching/internal/org/objectweb/asm/ByteVector; @ 79 c2
Event: 0.539 Thread 0x00007ff30d009800 Uncommon trap: reason=unstable_if action=reinterpret pc=0x000000012379d274 method=java.lang.String.isLatin1()Z @ 10 c2
Event: 0.539 Thread 0x00007ff30d009800 Uncommon trap: reason=unstable_if action=reinterpret pc=0x00000001237ab47c method=java.lang.String.isLatin1()Z @ 10 c2
Event: 0.589 Thread 0x00007ff30d009800 Uncommon trap: reason=unstable_if action=reinterpret pc=0x00000001237a6e40 method=java.util.HashMap.putVal(ILjava/lang/Object;Ljava/lang/Object;ZZ)Ljava/lang/Object; @ 181 c2
Event: 0.610 Thread 0x00007ff30d009800 Uncommon trap: reason=unstable_if action=reinterpret pc=0x00000001237ca728 method=java.util.HashMap.getNode(ILjava/lang/Object;)Ljava/util/HashMap$Node; @ 62 c2

Classes redefined (10 events):
Event: 3164.663 Thread 0x00007ff30b83f000 redefined class name=unsw.dungeon.Dungeon, count=8
Event: 3182.713 Thread 0x00007ff30b83f000 redefined class name=unsw.dungeon.Dungeon, count=9
Event: 3209.563 Thread 0x00007ff30b83f000 redefined class name=unsw.dungeon.Dungeon, count=10
Event: 3213.052 Thread 0x00007ff30b83f000 redefined class name=unsw.dungeon.Dungeon, count=11
Event: 5285.174 Thread 0x00007ff30b83f000 redefined class name=unsw.dungeon.Dungeon, count=12
Event: 5620.368 Thread 0x00007ff30b83f000 redefined class name=unsw.dungeon.EntityList.Player, count=1
Event: 11034.701 Thread 0x00007ff30b83f000 redefined class name=unsw.dungeon.Dungeon, count=13
Event: 11063.592 Thread 0x00007ff30b83f000 redefined class name=unsw.dungeon.Dungeon, count=14
Event: 14746.373 Thread 0x00007ff30b83f000 redefined class name=unsw.dungeon.interactEntity.ItemInteract, count=1
Event: 15330.255 Thread 0x00007ff30b83f000 redefined class name=unsw.dungeon.Dungeon, count=15

Internal exceptions (10 events):
Event: 0.659 Thread 0x00007ff30d009800 Exception <a 'java/lang/NoSuchMethodError'{0x0000000787ea7f38}: java.lang.invoke.DirectMethodHandle$Holder.invokeInterface(Ljava/lang/Object;Ljava/lang/Object;)V> (0x0000000787ea7f38) thrown at [/Users/tester/jenkins/workspace/zulu11-build-macos/zulu-src/
Event: 0.660 Thread 0x00007ff30d009800 Exception <a 'java/lang/IncompatibleClassChangeError'{0x0000000787eaab98}: Found class java.lang.Object, but interface was expected> (0x0000000787eaab98) thrown at [/Users/tester/jenkins/workspace/zulu11-build-macos/zulu-src/src/hotspot/share/interpreter/
Event: 0.661 Thread 0x00007ff30d009800 Exception <a 'java/lang/NoSuchMethodError'{0x0000000787ebe448}: java.lang.invoke.DirectMethodHandle$Holder.invokeStatic(Ljava/lang/Object;Ljava/lang/Object;Ljava/lang/Object;Ljava/lang/Object;)V> (0x0000000787ebe448) thrown at [/Users/tester/jenkins/works
Event: 0.701 Thread 0x00007ff30d009800 Exception <a 'java/lang/NoSuchMethodError'{0x0000000787a2ebb0}: java.lang.invoke.DirectMethodHandle$Holder.invokeVirtual(Ljava/lang/Object;Ljava/lang/Object;Ljava/lang/Object;)Ljava/lang/Object;> (0x0000000787a2ebb0) thrown at [/Users/tester/jenkins/works
Event: 0.707 Thread 0x00007ff30d009800 Exception <a 'java/lang/NoSuchMethodError'{0x0000000787aadc90}: java.lang.invoke.DirectMethodHandle$Holder.invokeInterface(Ljava/lang/Object;Ljava/lang/Object;Ljava/lang/Object;Ljava/lang/Object;)V> (0x0000000787aadc90) thrown at [/Users/tester/jenkins/wo
Event: 0.707 Thread 0x00007ff30d009800 Exception <a 'java/lang/IncompatibleClassChangeError'{0x0000000787ab0a50}: Found class java.lang.Object, but interface was expected> (0x0000000787ab0a50) thrown at [/Users/tester/jenkins/workspace/zulu11-build-macos/zulu-src/src/hotspot/share/interpreter/
Event: 0.731 Thread 0x00007ff30d009800 Exception <a 'java/lang/NoSuchMethodError'{0x0000000787744278}: java.lang.invoke.DirectMethodHandle$Holder.invokeSpecial(Ljava/lang/Object;Ljava/lang/Object;)V> (0x0000000787744278) thrown at [/Users/tester/jenkins/workspace/zulu11-build-macos/zulu-src/sr
Event: 0.739 Thread 0x00007ff30d009800 Exception <a 'java/lang/NoSuchMethodError'{0x000000078761d228}: java.lang.invoke.DirectMethodHandle$Holder.invokeStatic(Ljava/lang/Object;Ljava/lang/Object;Ljava/lang/Object;Ljava/lang/Object;Ljava/lang/Object;)I> (0x000000078761d228) thrown at [/Users/te
Event: 0.755 Thread 0x00007ff30d009800 Exception <a 'java/lang/NoSuchMethodError'{0x000000078759bd10}: java.lang.invoke.DirectMethodHandle$Holder.invokeStaticInit(Ljava/lang/Object;Ljava/lang/Object;Ljava/lang/Object;)I> (0x000000078759bd10) thrown at [/Users/tester/jenkins/workspace/zulu11-bu
Event: 0.773 Thread 0x00007ff30d009800 Exception <a 'java/lang/NoSuchMethodError'{0x000000078732a230}: java.lang.invoke.DirectMethodHandle$Holder.invokeStaticInit(Ljava/lang/Object;Ljava/lang/Object;)I> (0x000000078732a230) thrown at [/Users/tester/jenkins/workspace/zulu11-build-macos/zulu-src

Events (10 events):
Event: 16368.736 Executing VM operation: GetCurrentContendedMonitor done
Event: 16368.736 Executing VM operation: GetOwnedMonitorInfo
Event: 16368.736 Executing VM operation: GetOwnedMonitorInfo done
Event: 16369.101 Executing VM operation: GetCurrentContendedMonitor
Event: 16369.101 Executing VM operation: GetCurrentContendedMonitor done
Event: 16369.101 Executing VM operation: GetOwnedMonitorInfo
Event: 16369.101 Executing VM operation: GetOwnedMonitorInfo done
Event: 16370.713 Executing VM operation: GetFrameLocation
Event: 16370.713 Executing VM operation: GetFrameLocation done
Event: 16370.713 Executing VM operation: GetOrSetLocal


Dynamic libraries:
0x00007fff36756000 	/System/Library/Frameworks/Cocoa.framework/Versions/A/Cocoa
0x00007fff43cfd000 	/System/Library/Frameworks/Security.framework/Versions/A/Security
0x00007fff356fc000 	/System/Library/Frameworks/ApplicationServices.framework/Versions/A/ApplicationServices
0x00007fff6dd58000 	/usr/lib/libz.1.dylib
0x00007fff6b860000 	/usr/lib/libSystem.B.dylib
0x00007fff376bb000 	/System/Library/Frameworks/CoreFoundation.framework/Versions/A/CoreFoundation
0x00007fff39d76000 	/System/Library/Frameworks/Foundation.framework/Versions/C/Foundation
0x00007fff6d683000 	/usr/lib/libobjc.A.dylib
0x00007fff34900000 	/System/Library/Frameworks/AppKit.framework/Versions/C/AppKit
0x00007fff371d5000 	/System/Library/Frameworks/CoreData.framework/Versions/A/CoreData
0x00007fff68111000 	/System/Library/PrivateFrameworks/UIFoundation.framework/Versions/A/UIFoundation
0x00007fff629b1000 	/System/Library/PrivateFrameworks/RemoteViewServices.framework/Versions/A/RemoteViewServices
0x00007fff6ab91000 	/System/Library/PrivateFrameworks/XCTTargetBootstrap.framework/Versions/A/XCTTargetBootstrap
0x00007fff375b0000 	/System/Library/Frameworks/CoreDisplay.framework/Versions/A/CoreDisplay
0x00007fff3caae000 	/System/Library/Frameworks/Metal.framework/Versions/A/Metal
0x00007fff50f1e000 	/System/Library/PrivateFrameworks/DesktopServicesPriv.framework/Versions/A/DesktopServicesPriv
0x00007fff6c97b000 	/usr/lib/liblangid.dylib
0x00007fff5007a000 	/System/Library/PrivateFrameworks/CoreSVG.framework/Versions/A/CoreSVG
0x00007fff656e1000 	/System/Library/PrivateFrameworks/SkyLight.framework/Versions/A/SkyLight
0x00007fff37b3c000 	/System/Library/Frameworks/CoreGraphics.framework/Versions/A/CoreGraphics
0x00007fff334a1000 	/System/Library/Frameworks/Accelerate.framework/Versions/A/Accelerate
0x00007fff6dc49000 	/usr/lib/libxml2.2.dylib
0x00007fff5bae9000 	/System/Library/PrivateFrameworks/IconServices.framework/Versions/A/IconServices
0x00007fff3a534000 	/System/Library/Frameworks/IOSurface.framework/Versions/A/IOSurface
0x00007fff6b399000 	/usr/lib/libDiagnosticMessagesClient.dylib
0x00007fff50d98000 	/System/Library/PrivateFrameworks/DFRFoundation.framework/Versions/A/DFRFoundation
0x00007fff6c709000 	/usr/lib/libicucore.A.dylib
0x00007fff35a2e000 	/System/Library/Frameworks/AudioToolbox.framework/Versions/A/AudioToolbox
0x00007fff35b10000 	/System/Library/Frameworks/AudioUnit.framework/Versions/A/AudioUnit
0x00007fff6ba62000 	/usr/lib/libauto.dylib
0x00007fff50e18000 	/System/Library/PrivateFrameworks/DataDetectorsCore.framework/Versions/A/DataDetectorsCore
0x00007fff36277000 	/System/Library/Frameworks/Carbon.framework/Versions/A/Frameworks/HIToolbox.framework/Versions/A/HIToolbox
0x00007fff42ef5000 	/System/Library/Frameworks/QuartzCore.framework/Versions/A/QuartzCore
0x00007fff365b6000 	/System/Library/Frameworks/Carbon.framework/Versions/A/Frameworks/SpeechRecognition.framework/Versions/A/SpeechRecognition
0x00007fff5071a000 	/System/Library/PrivateFrameworks/CoreUI.framework/Versions/A/CoreUI
0x00007fff36c3b000 	/System/Library/Frameworks/CoreAudio.framework/Versions/A/CoreAudio
0x00007fff39a43000 	/System/Library/Frameworks/DiskArbitration.framework/Versions/A/DiskArbitration
0x00007fff5dbcf000 	/System/Library/PrivateFrameworks/MultitouchSupport.framework/Versions/A/MultitouchSupport
0x00007fff6c5d4000 	/usr/lib/libenergytrace.dylib
0x00007fff3a48f000 	/System/Library/Frameworks/IOKit.framework/Versions/A/IOKit
0x00007fff38aa2000 	/System/Library/Frameworks/CoreServices.framework/Versions/A/CoreServices
0x00007fff5fc24000 	/System/Library/PrivateFrameworks/PerformanceAnalysis.framework/Versions/A/PerformanceAnalysis
0x00007fff41f2d000 	/System/Library/Frameworks/OpenGL.framework/Versions/A/OpenGL
0x00007fff36764000 	/System/Library/Frameworks/ColorSync.framework/Versions/A/ColorSync
0x00007fff381c3000 	/System/Library/Frameworks/CoreImage.framework/Versions/A/CoreImage
0x00007fff39516000 	/System/Library/Frameworks/CoreText.framework/Versions/A/CoreText
0x00007fff3a5b7000 	/System/Library/Frameworks/ImageIO.framework/Versions/A/ImageIO
0x00007fff6bb3e000 	/usr/lib/libc++.1.dylib
0x00007fff6bbba000 	/usr/lib/libcompression.dylib
0x00007fff6b6da000 	/usr/lib/libMobileGestalt.dylib
0x00007fff67204000 	/System/Library/PrivateFrameworks/TextureIO.framework/Versions/A/TextureIO
0x00007fff6b9c8000 	/usr/lib/libate.dylib
0x00007fff5bcef000 	/System/Library/PrivateFrameworks/InternationalSupport.framework/Versions/A/InternationalSupport
0x00007fff6e7cf000 	/usr/lib/system/libcache.dylib
0x00007fff6e7d5000 	/usr/lib/system/libcommonCrypto.dylib
0x00007fff6e7e1000 	/usr/lib/system/libcompiler_rt.dylib
0x00007fff6e7e9000 	/usr/lib/system/libcopyfile.dylib
0x00007fff6e7f3000 	/usr/lib/system/libcorecrypto.dylib
0x00007fff6e9a1000 	/usr/lib/system/libdispatch.dylib
0x00007fff6e9e3000 	/usr/lib/system/libdyld.dylib
0x00007fff6ea19000 	/usr/lib/system/libkeymgr.dylib
0x00007fff6ea27000 	/usr/lib/system/liblaunch.dylib
0x00007fff6ea28000 	/usr/lib/system/libmacho.dylib
0x00007fff6ea2e000 	/usr/lib/system/libquarantine.dylib
0x00007fff6ea31000 	/usr/lib/system/libremovefile.dylib
0x00007fff6ea33000 	/usr/lib/system/libsystem_asl.dylib
0x00007fff6ea4b000 	/usr/lib/system/libsystem_blocks.dylib
0x00007fff6ea4c000 	/usr/lib/system/libsystem_c.dylib
0x00007fff6ead4000 	/usr/lib/system/libsystem_configuration.dylib
0x00007fff6ead8000 	/usr/lib/system/libsystem_coreservices.dylib
0x00007fff6eadc000 	/usr/lib/system/libsystem_darwin.dylib
0x00007fff6eae4000 	/usr/lib/system/libsystem_dnssd.dylib
0x00007fff6eaec000 	/usr/lib/system/libsystem_featureflags.dylib
0x00007fff6eaee000 	/usr/lib/system/libsystem_info.dylib
0x00007fff6eb69000 	/usr/lib/system/libsystem_m.dylib
0x00007fff6ebb1000 	/usr/lib/system/libsystem_malloc.dylib
0x00007fff6ebd9000 	/usr/lib/system/libsystem_networkextension.dylib
0x00007fff6ebe7000 	/usr/lib/system/libsystem_notify.dylib
0x00007fff6ec06000 	/usr/lib/system/libsystem_sandbox.dylib
0x00007fff6ec0b000 	/usr/lib/system/libsystem_secinit.dylib
0x00007fff6eb3c000 	/usr/lib/system/libsystem_kernel.dylib
0x00007fff6ebf1000 	/usr/lib/system/libsystem_platform.dylib
0x00007fff6ebfb000 	/usr/lib/system/libsystem_pthread.dylib
0x00007fff6ec0e000 	/usr/lib/system/libsystem_symptoms.dylib
0x00007fff6ec16000 	/usr/lib/system/libsystem_trace.dylib
0x00007fff6ec2e000 	/usr/lib/system/libunwind.dylib
0x00007fff6ec34000 	/usr/lib/system/libxpc.dylib
0x00007fff6bb92000 	/usr/lib/libc++abi.dylib
0x00007fff6c97d000 	/usr/lib/liblzma.5.dylib
0x00007fff6c5fc000 	/usr/lib/libfakelink.dylib
0x00007fff6b955000 	/usr/lib/libarchive.2.dylib
0x00007fff44f11000 	/System/Library/Frameworks/SystemConfiguration.framework/Versions/A/SystemConfiguration
0x00007fff6b2ca000 	/usr/lib/libCRFSuite.dylib
0x00007fff35e86000 	/System/Library/Frameworks/CFNetwork.framework/Versions/A/CFNetwork
0x00007fff6bb20000 	/usr/lib/libbsm.0.dylib
0x00007fff6ea1a000 	/usr/lib/system/libkxld.dylib
0x00007fff4a917000 	/System/Library/PrivateFrameworks/AppleFSCompression.framework/Versions/A/AppleFSCompression
0x00007fff6be93000 	/usr/lib/libcoretls.dylib
0x00007fff6beaa000 	/usr/lib/libcoretls_cfhelpers.dylib
0x00007fff6d6c7000 	/usr/lib/libpam.2.dylib
0x00007fff6d7f6000 	/usr/lib/libsqlite3.dylib
0x00007fff6dc36000 	/usr/lib/libxar.1.dylib
0x00007fff6bb31000 	/usr/lib/libbz2.1.0.dylib
0x00007fff6c618000 	/usr/lib/libiconv.2.dylib
0x00007fff6bba7000 	/usr/lib/libcharset.1.dylib
0x00007fff6d173000 	/usr/lib/libnetwork.dylib
0x00007fff6d6ce000 	/usr/lib/libpcap.A.dylib
0x00007fff6b90a000 	/usr/lib/libapple_nghttp2.dylib
0x00007fff38e59000 	/System/Library/Frameworks/CoreServices.framework/Versions/A/Frameworks/FSEvents.framework/Versions/A/FSEvents
0x00007fff38b29000 	/System/Library/Frameworks/CoreServices.framework/Versions/A/Frameworks/CarbonCore.framework/Versions/A/CarbonCore
0x00007fff3909b000 	/System/Library/Frameworks/CoreServices.framework/Versions/A/Frameworks/Metadata.framework/Versions/A/Metadata
0x00007fff39134000 	/System/Library/Frameworks/CoreServices.framework/Versions/A/Frameworks/OSServices.framework/Versions/A/OSServices
0x00007fff39162000 	/System/Library/Frameworks/CoreServices.framework/Versions/A/Frameworks/SearchKit.framework/Versions/A/SearchKit
0x00007fff38aa3000 	/System/Library/Frameworks/CoreServices.framework/Versions/A/Frameworks/AE.framework/Versions/A/AE
0x00007fff38e62000 	/System/Library/Frameworks/CoreServices.framework/Versions/A/Frameworks/LaunchServices.framework/Versions/A/LaunchServices
0x00007fff38e0b000 	/System/Library/Frameworks/CoreServices.framework/Versions/A/Frameworks/DictionaryServices.framework/Versions/A/DictionaryServices
0x00007fff391ca000 	/System/Library/Frameworks/CoreServices.framework/Versions/A/Frameworks/SharedFileList.framework/Versions/A/SharedFileList
0x00007fff3dd83000 	/System/Library/Frameworks/NetFS.framework/Versions/A/NetFS
0x00007fff5e06f000 	/System/Library/PrivateFrameworks/NetAuth.framework/Versions/A/NetAuth
0x00007fff6af5a000 	/System/Library/PrivateFrameworks/login.framework/Versions/A/Frameworks/loginsupport.framework/Versions/A/loginsupport
0x00007fff66d0a000 	/System/Library/PrivateFrameworks/TCC.framework/Versions/A/TCC
0x00007fff4f458000 	/System/Library/PrivateFrameworks/CoreNLP.framework/Versions/A/CoreNLP
0x00007fff5d600000 	/System/Library/PrivateFrameworks/MetadataUtilities.framework/Versions/A/MetadataUtilities
0x00007fff6ca55000 	/usr/lib/libmecabra.dylib
0x00007fff6c9ad000 	/usr/lib/libmecab.dylib
0x00007fff6c60d000 	/usr/lib/libgermantok.dylib
0x00007fff6b8f1000 	/usr/lib/libThaiTokenizer.dylib
0x00007fff6b302000 	/usr/lib/libChineseTokenizer.dylib
0x00007fff334b9000 	/System/Library/Frameworks/Accelerate.framework/Versions/A/Frameworks/vImage.framework/Versions/A/vImage
0x00007fff3475b000 	/System/Library/Frameworks/Accelerate.framework/Versions/A/Frameworks/vecLib.framework/Versions/A/vecLib
0x00007fff3469f000 	/System/Library/Frameworks/Accelerate.framework/Versions/A/Frameworks/vecLib.framework/Versions/A/libvMisc.dylib
0x00007fff344c5000 	/System/Library/Frameworks/Accelerate.framework/Versions/A/Frameworks/vecLib.framework/Versions/A/libvDSP.dylib
0x00007fff33b25000 	/System/Library/Frameworks/Accelerate.framework/Versions/A/Frameworks/vecLib.framework/Versions/A/libBLAS.dylib
0x00007fff3407f000 	/System/Library/Frameworks/Accelerate.framework/Versions/A/Frameworks/vecLib.framework/Versions/A/libLAPACK.dylib
0x00007fff34425000 	/System/Library/Frameworks/Accelerate.framework/Versions/A/Frameworks/vecLib.framework/Versions/A/libLinearAlgebra.dylib
0x00007fff344b2000 	/System/Library/Frameworks/Accelerate.framework/Versions/A/Frameworks/vecLib.framework/Versions/A/libSparseBLAS.dylib
0x00007fff3443b000 	/System/Library/Frameworks/Accelerate.framework/Versions/A/Frameworks/vecLib.framework/Versions/A/libQuadrature.dylib
0x00007fff33d8e000 	/System/Library/Frameworks/Accelerate.framework/Versions/A/Frameworks/vecLib.framework/Versions/A/libBNNS.dylib
0x00007fff34441000 	/System/Library/Frameworks/Accelerate.framework/Versions/A/Frameworks/vecLib.framework/Versions/A/libSparse.dylib
0x00007fff5c0ae000 	/System/Library/PrivateFrameworks/LanguageModeling.framework/Versions/A/LanguageModeling
0x00007fff4edfc000 	/System/Library/PrivateFrameworks/CoreEmoji.framework/Versions/A/CoreEmoji
0x00007fff5c1cb000 	/System/Library/PrivateFrameworks/LinguisticData.framework/Versions/A/LinguisticData
0x00007fff5c17c000 	/System/Library/PrivateFrameworks/Lexicon.framework/Versions/A/Lexicon
0x00007fff6bba8000 	/usr/lib/libcmph.dylib
0x00007fff40953000 	/System/Library/Frameworks/OpenDirectory.framework/Versions/A/Frameworks/CFOpenDirectory.framework/Versions/A/CFOpenDirectory
0x00007fff40970000 	/System/Library/Frameworks/OpenDirectory.framework/Versions/A/OpenDirectory
0x00007fff48ccf000 	/System/Library/PrivateFrameworks/APFS.framework/Versions/A/APFS
0x00007fff44042000 	/System/Library/Frameworks/SecurityFoundation.framework/Versions/A/SecurityFoundation
0x00007fff6dc32000 	/usr/lib/libutil.dylib
0x00007fff500d2000 	/System/Library/PrivateFrameworks/CoreServicesStore.framework/Versions/A/CoreServicesStore
0x00007fff44123000 	/System/Library/Frameworks/ServiceManagement.framework/Versions/A/ServiceManagement
0x00007fff4c0b2000 	/System/Library/PrivateFrameworks/BackgroundTaskManagement.framework/Versions/A/BackgroundTaskManagement
0x00007fff6dd2f000 	/usr/lib/libxslt.1.dylib
0x00007fff4af75000 	/System/Library/PrivateFrameworks/AppleSystemInfo.framework/Versions/A/AppleSystemInfo
0x00007fff3a7d2000 	/System/Library/Frameworks/ImageIO.framework/Versions/A/Resources/libJPEG.dylib
0x00007fff3aa91000 	/System/Library/Frameworks/ImageIO.framework/Versions/A/Resources/libTIFF.dylib
0x00007fff3aa74000 	/System/Library/Frameworks/ImageIO.framework/Versions/A/Resources/libPng.dylib
0x00007fff3a713000 	/System/Library/Frameworks/ImageIO.framework/Versions/A/Resources/libGIF.dylib
0x00007fff3a717000 	/System/Library/Frameworks/ImageIO.framework/Versions/A/Resources/libJP2.dylib
0x00007fff3aa8f000 	/System/Library/Frameworks/ImageIO.framework/Versions/A/Resources/libRadiance.dylib
0x00007fff6c5d5000 	/usr/lib/libexpat.1.dylib
0x00007fff4aa72000 	/System/Library/PrivateFrameworks/AppleJPEG.framework/Versions/A/AppleJPEG
0x00007fff532ea000 	/System/Library/PrivateFrameworks/FontServices.framework/libFontParser.dylib
0x00007fff69fb5000 	/System/Library/PrivateFrameworks/WatchdogClient.framework/Versions/A/WatchdogClient
0x00007fff5b741000 	/System/Library/PrivateFrameworks/IOAccelerator.framework/Versions/A/IOAccelerator
0x00007fff3ce3c000 	/System/Library/Frameworks/MetalPerformanceShaders.framework/Versions/A/MetalPerformanceShaders
0x00007fff58037000 	/System/Library/PrivateFrameworks/GPUWrangler.framework/Versions/A/GPUWrangler
0x00007fff5b74c000 	/System/Library/PrivateFrameworks/IOPresentment.framework/Versions/A/IOPresentment
0x00007fff50daa000 	/System/Library/PrivateFrameworks/DSExternalDisplay.framework/Versions/A/DSExternalDisplay
0x00007fff412d9000 	/System/Library/Frameworks/OpenGL.framework/Versions/A/Libraries/libCoreFSCache.dylib
0x00007fff3cb8d000 	/System/Library/Frameworks/MetalPerformanceShaders.framework/Frameworks/MPSCore.framework/Versions/A/MPSCore
0x00007fff3cbca000 	/System/Library/Frameworks/MetalPerformanceShaders.framework/Frameworks/MPSImage.framework/Versions/A/MPSImage
0x00007fff3cc8d000 	/System/Library/Frameworks/MetalPerformanceShaders.framework/Frameworks/MPSNeuralNetwork.framework/Versions/A/MPSNeuralNetwork
0x00007fff3cc51000 	/System/Library/Frameworks/MetalPerformanceShaders.framework/Frameworks/MPSMatrix.framework/Versions/A/MPSMatrix
0x00007fff3cded000 	/System/Library/Frameworks/MetalPerformanceShaders.framework/Frameworks/MPSRayIntersector.framework/Versions/A/MPSRayIntersector
0x00007fff3cc77000 	/System/Library/Frameworks/MetalPerformanceShaders.framework/Frameworks/MPSNDArray.framework/Versions/A/MPSNDArray
0x00007fff5d64d000 	/System/Library/PrivateFrameworks/MetalTools.framework/Versions/A/MetalTools
0x00007fff49dae000 	/System/Library/PrivateFrameworks/AggregateDictionary.framework/Versions/A/AggregateDictionary
0x00007fff4e893000 	/System/Library/PrivateFrameworks/CoreAnalytics.framework/Versions/A/CoreAnalytics
0x00007fff4ae93000 	/System/Library/PrivateFrameworks/AppleSauce.framework/Versions/A/AppleSauce
0x00007fff6b5bd000 	/usr/lib/libIOReport.dylib
0x00007fff396cb000 	/System/Library/Frameworks/CoreVideo.framework/Versions/A/CoreVideo
0x00007fff59424000 	/System/Library/PrivateFrameworks/GraphVisualizer.framework/Versions/A/GraphVisualizer
0x00007fff5286c000 	/System/Library/PrivateFrameworks/FaceCore.framework/Versions/A/FaceCore
0x00007fff408fa000 	/System/Library/Frameworks/OpenCL.framework/Versions/A/OpenCL
0x00007fff6b3df000 	/usr/lib/libFosl_dynamic.dylib
0x00007fff5ea65000 	/System/Library/PrivateFrameworks/OTSVG.framework/Versions/A/OTSVG
0x00007fff35801000 	/System/Library/Frameworks/ApplicationServices.framework/Versions/A/Frameworks/ATS.framework/Versions/A/Resources/libFontRegistry.dylib
0x00007fff534bb000 	/System/Library/PrivateFrameworks/FontServices.framework/libhvf.dylib
0x00007fff412e4000 	/System/Library/Frameworks/OpenGL.framework/Versions/A/Libraries/libGFXShared.dylib
0x00007fff414c1000 	/System/Library/Frameworks/OpenGL.framework/Versions/A/Libraries/libGLU.dylib
0x00007fff412ed000 	/System/Library/Frameworks/OpenGL.framework/Versions/A/Libraries/libGL.dylib
0x00007fff412f8000 	/System/Library/Frameworks/OpenGL.framework/Versions/A/Libraries/libGLImage.dylib
0x00007fff412d6000 	/System/Library/Frameworks/OpenGL.framework/Versions/A/Libraries/libCVMSPluginSupport.dylib
0x00007fff412df000 	/System/Library/Frameworks/OpenGL.framework/Versions/A/Libraries/libCoreVMClient.dylib
0x00007fff6d015000 	/usr/lib/libncurses.5.4.dylib
0x00007fff356fd000 	/System/Library/Frameworks/ApplicationServices.framework/Versions/A/Frameworks/ATS.framework/Versions/A/ATS
0x00007fff358ca000 	/System/Library/Frameworks/ApplicationServices.framework/Versions/A/Frameworks/ColorSyncLegacy.framework/Versions/A/ColorSyncLegacy
0x00007fff35969000 	/System/Library/Frameworks/ApplicationServices.framework/Versions/A/Frameworks/HIServices.framework/Versions/A/HIServices
0x00007fff359c0000 	/System/Library/Frameworks/ApplicationServices.framework/Versions/A/Frameworks/LangAnalysis.framework/Versions/A/LangAnalysis
0x00007fff359cf000 	/System/Library/Frameworks/ApplicationServices.framework/Versions/A/Frameworks/PrintCore.framework/Versions/A/PrintCore
0x00007fff35a15000 	/System/Library/Frameworks/ApplicationServices.framework/Versions/A/Frameworks/QD.framework/Versions/A/QD
0x00007fff35a20000 	/System/Library/Frameworks/ApplicationServices.framework/Versions/A/Frameworks/SpeechSynthesis.framework/Versions/A/SpeechSynthesis
0x00007fff3589a000 	/System/Library/Frameworks/ApplicationServices.framework/Versions/A/Frameworks/ATSUI.framework/Versions/A/ATSUI
0x00007fff6c469000 	/usr/lib/libcups.2.dylib
0x00007fff3bef5000 	/System/Library/Frameworks/Kerberos.framework/Versions/A/Kerberos
0x00007fff3a1aa000 	/System/Library/Frameworks/GSS.framework/Versions/A/GSS
0x00007fff6d783000 	/usr/lib/libresolv.9.dylib
0x00007fff595c5000 	/System/Library/PrivateFrameworks/Heimdal.framework/Versions/A/Heimdal
0x00007fff3bf08000 	/System/Library/Frameworks/Kerberos.framework/Versions/A/Libraries/libHeimdalProxy.dylib
0x00007fff6c613000 	/usr/lib/libheimdal-asn1.dylib
0x00007fff4dd59000 	/System/Library/PrivateFrameworks/CommonAuth.framework/Versions/A/CommonAuth
0x00007fff4b012000 	/System/Library/PrivateFrameworks/AssertionServices.framework/Versions/A/AssertionServices
0x00007fff4bba8000 	/System/Library/PrivateFrameworks/AudioToolboxCore.framework/Versions/A/AudioToolboxCore
0x00007fff6ac0d000 	/System/Library/PrivateFrameworks/caulk.framework/Versions/A/caulk
0x00007fff4c15e000 	/System/Library/PrivateFrameworks/BaseBoard.framework/Versions/A/BaseBoard
0x00007fff62b3d000 	/System/Library/PrivateFrameworks/RunningBoardServices.framework/Versions/A/RunningBoardServices
0x00007fff5fc30000 	/System/Library/PrivateFrameworks/PersistentConnection.framework/Versions/A/PersistentConnection
0x00007fff6254a000 	/System/Library/PrivateFrameworks/ProtocolBuffer.framework/Versions/A/ProtocolBuffer
0x00007fff4dd76000 	/System/Library/PrivateFrameworks/CommonUtilities.framework/Versions/A/CommonUtilities
0x00007fff4c2dd000 	/System/Library/PrivateFrameworks/Bom.framework/Versions/A/Bom
0x00007fff6b28e000 	/usr/lib/libAudioToolboxUtility.dylib
0x00007fff4c0bc000 	/System/Library/PrivateFrameworks/Backup.framework/Versions/A/Backup
0x00007fff50b19000 	/System/Library/PrivateFrameworks/CrashReporterSupport.framework/Versions/A/CrashReporterSupport
0x00007fff645c6000 	/System/Library/PrivateFrameworks/Sharing.framework/Versions/A/Sharing
0x00007fff4a7bf000 	/System/Library/PrivateFrameworks/Apple80211.framework/Versions/A/Apple80211
0x00007fff4bde4000 	/System/Library/PrivateFrameworks/AuthKit.framework/Versions/A/AuthKit
0x00007fff50847000 	/System/Library/PrivateFrameworks/CoreUtils.framework/Versions/A/CoreUtils
0x00007fff39710000 	/System/Library/Frameworks/CoreWLAN.framework/Versions/A/CoreWLAN
0x00007fff3a313000 	/System/Library/Frameworks/IOBluetooth.framework/Versions/A/IOBluetooth
0x00007fff5d94b000 	/System/Library/PrivateFrameworks/MobileKeyBag.framework/Versions/A/MobileKeyBag
0x00007fff4f928000 	/System/Library/PrivateFrameworks/CorePhoneNumbers.framework/Versions/A/CorePhoneNumbers
0x00007fff4aa25000 	/System/Library/PrivateFrameworks/AppleIDAuthSupport.framework/Versions/A/AppleIDAuthSupport
0x00007fff3dd90000 	/System/Library/Frameworks/Network.framework/Versions/A/Network
0x00007fff5bf37000 	/System/Library/PrivateFrameworks/KeychainCircle.framework/Versions/A/KeychainCircle
0x00007fff3719d000 	/System/Library/Frameworks/CoreBluetooth.framework/Versions/A/CoreBluetooth
0x00007fff66220000 	/System/Library/PrivateFrameworks/SpeechRecognitionCore.framework/Versions/A/SpeechRecognitionCore
0x0000000111800000 	/Users/jyrgal/Downloads/jdk-jfx/lib/server/libjvm.dylib
0x000000010fb42000 	/Users/jyrgal/Downloads/jdk-jfx/lib/libverify.dylib
0x000000010fb4e000 	/Users/jyrgal/Downloads/jdk-jfx/lib/libjava.dylib
0x000000010fb96000 	/Users/jyrgal/Downloads/jdk-jfx/lib/libjdwp.dylib
0x000000010fbce000 	/Users/jyrgal/Downloads/jdk-jfx/lib/libinstrument.dylib
0x000000010fc60000 	/Users/jyrgal/Downloads/jdk-jfx/lib/libzip.dylib
0x000000010fc68000 	/Users/jyrgal/Downloads/jdk-jfx/lib/libjimage.dylib
0x000000013469f000 	/Users/jyrgal/Downloads/jdk-jfx/lib/libdt_socket.dylib
0x0000000132a03000 	/Users/jyrgal/Downloads/jdk-jfx/lib/libnio.dylib
0x0000000134629000 	/Users/jyrgal/Downloads/jdk-jfx/lib/libnet.dylib
0x0000000134678000 	/Users/jyrgal/Downloads/jdk-jfx/lib/libextnet.dylib


VM Arguments:
jvm_args: -agentlib:jdwp=transport=dt_socket,suspend=y,address=localhost:53553 -ea -javaagent:/Applications/Eclipse.app/Contents/Eclipse/configuration/org.eclipse.osgi/403/0/.cp/lib/javaagent-shaded.jar -Dfile.encoding=UTF-8 
java_command: org.eclipse.jdt.internal.junit.runner.RemoteTestRunner -version 3 -port 53552 -testLoaderClass org.eclipse.jdt.internal.junit5.runner.JUnit5TestLoader -loaderpluginname org.eclipse.jdt.junit5.runtime -classNames unsw.dungeon.tests.playerMoveTest
java_class_path (initial): /Users/jyrgal/Dropbox/Atom_project/cs2511/W12B-Mavericks/bin:/Users/jyrgal/Dropbox/Atom_project/cs2511/W12B-Mavericks/lib/json.jar:/Applications/Eclipse.app/Contents/Eclipse/plugins/org.junit.jupiter.api_5.4.0.v20190212-2109.jar:/Applications/Eclipse.app/Contents/Eclipse/plugins/org.junit.jupiter.engine_5.4.0.v20190212-2109.jar:/Applications/Eclipse.app/Contents/Eclipse/plugins/org.junit.jupiter.migrationsupport_5.4.0.v20190212-2109.jar:/Applications/Eclipse.app/Contents/Eclipse/plugins/org.junit.jupiter.params_5.4.0.v20190212-2109.jar:/Applications/Eclipse.app/Contents/Eclipse/plugins/org.junit.platform.commons_1.4.0.v20190212-2109.jar:/Applications/Eclipse.app/Contents/Eclipse/plugins/org.junit.platform.engine_1.4.0.v20190212-2109.jar:/Applications/Eclipse.app/Contents/Eclipse/plugins/org.junit.platform.launcher_1.4.0.v20190212-2109.jar:/Applications/Eclipse.app/Contents/Eclipse/plugins/org.junit.platform.runner_1.4.0.v20190212-2109.jar:/Applications/Eclipse.app/Contents/Eclipse/plugins/org.junit.platform.suite.api_1.4.0.v20190212-2109.jar:/Applications/Eclipse.app/Contents/Eclipse/plugins/org.junit.vintage.engine_5.4.0.v20190212-2109.jar:/Applications/Eclipse.app/Contents/Eclipse/plugins/org.opentest4j_1.1.1.v20190212-2109.jar:/Applications/Eclipse.app/Contents/Eclipse/plugins/org.apiguardian_1.0.0.v20190212-2109.jar:/Applications/Eclipse.app/Contents/Eclipse/plugins/org.junit_4.12.0.v201504281640/junit.jar:/Applications/Eclipse.app/Contents/Eclipse/plugins/org.hamcrest.core_1.3.0.v20180420-1519.jar:/Applications/Eclipse.app/Contents/Eclipse/configuration/org.eclipse.osgi/402/0/.cp:/Applications/Eclipse.app/Contents/Eclipse/configuration/org.eclipse.osgi/400/0/.cp
Launcher Type: SUN_STANDARD

[Global flags]
     intx CICompilerCount                          = 4                                         {product} {ergonomic}
     uint ConcGCThreads                            = 2                                         {product} {ergonomic}
     uint G1ConcRefinementThreads                  = 8                                         {product} {ergonomic}
   size_t G1HeapRegionSize                         = 1048576                                   {product} {ergonomic}
    uintx GCDrainStackTargetSize                   = 64                                        {product} {ergonomic}
   size_t InitialHeapSize                          = 134217728                                 {product} {ergonomic}
   size_t MarkStackSize                            = 4194304                                   {product} {ergonomic}
   size_t MaxHeapSize                              = 2147483648                                {product} {ergonomic}
   size_t MaxNewSize                               = 1287651328                                {product} {ergonomic}
   size_t MinHeapDeltaBytes                        = 1048576                                   {product} {ergonomic}
    uintx NonNMethodCodeHeapSize                   = 5835340                                {pd product} {ergonomic}
    uintx NonProfiledCodeHeapSize                  = 122911450                              {pd product} {ergonomic}
    uintx ProfiledCodeHeapSize                     = 122911450                              {pd product} {ergonomic}
    uintx ReservedCodeCacheSize                    = 251658240                              {pd product} {ergonomic}
     bool SegmentedCodeCache                       = true                                      {product} {ergonomic}
     bool UseCompressedClassPointers               = true                                 {lp64_product} {ergonomic}
     bool UseCompressedOops                        = true                                 {lp64_product} {ergonomic}
     bool UseG1GC                                  = true                                      {product} {ergonomic}

Logging:
Log output configuration:
 #0: stdout all=warning uptime,level,tags
 #1: stderr all=off uptime,level,tags

Environment Variables:
PATH=/usr/bin:/bin:/usr/sbin:/sbin
SHELL=/bin/zsh

Signal Handlers:
SIGSEGV: [libjvm.dylib+0x77c854], sa_mask[0]=11111111011111110111111111111111, sa_flags=SA_ONSTACK|SA_RESTART|SA_SIGINFO
SIGBUS: [libjvm.dylib+0x77c854], sa_mask[0]=11111111011111110111111111111111, sa_flags=SA_RESTART|SA_SIGINFO
SIGFPE: [libjvm.dylib+0x77c854], sa_mask[0]=11111111011111110111111111111111, sa_flags=SA_RESTART|SA_SIGINFO
SIGPIPE: [libjvm.dylib+0x6175d8], sa_mask[0]=11111111011111110111111111111111, sa_flags=SA_RESTART|SA_SIGINFO
SIGXFSZ: [libjvm.dylib+0x6175d8], sa_mask[0]=11111111011111110111111111111111, sa_flags=SA_RESTART|SA_SIGINFO
SIGILL: [libjvm.dylib+0x77c854], sa_mask[0]=11111111011111110111111111111111, sa_flags=SA_RESTART|SA_SIGINFO
SIGUSR2: [libjvm.dylib+0x617be8], sa_mask[0]=00100000000000000000000000000000, sa_flags=SA_RESTART|SA_SIGINFO
SIGHUP: [libjvm.dylib+0x616659], sa_mask[0]=11111111011111110111111111111111, sa_flags=SA_RESTART|SA_SIGINFO
SIGINT: [libjvm.dylib+0x616659], sa_mask[0]=11111111011111110111111111111111, sa_flags=SA_RESTART|SA_SIGINFO
SIGTERM: [libjvm.dylib+0x616659], sa_mask[0]=11111111011111110111111111111111, sa_flags=SA_RESTART|SA_SIGINFO
SIGQUIT: [libjvm.dylib+0x616659], sa_mask[0]=11111111011111110111111111111111, sa_flags=SA_RESTART|SA_SIGINFO


---------------  S Y S T E M  ---------------

OS:uname:Darwin 19.0.0 Darwin Kernel Version 19.0.0: Wed Sep 25 20:18:50 PDT 2019; root:xnu-6153.11.26~2/RELEASE_X86_64 x86_64
rlimit: STACK 8192k, CORE 0k, NPROC 1392, NOFILE 10240, AS infinity, DATA infinity, FSIZE infinity
load average:3.22 3.77 3.75

CPU:total 8 (initial active 8) (4 cores per cpu, 2 threads per core) family 6 model 142 stepping 10, cmov, cx8, fxsr, mmx, sse, sse2, sse3, ssse3, sse4.1, sse4.2, popcnt, avx, avx2, aes, clmul, erms, 3dnowpref, lzcnt, ht, tsc, tscinvbit, bmi1, bmi2, adx, fma

Memory: 4k page, physical 8388608k(33796k free)

vm_info: OpenJDK 64-Bit Server VM (11.0.3+7-LTS) for bsd-amd64 JRE (Zulu11.31+11-CA) (11.0.3+7-LTS), built on Apr 26 2019 13:24:18 by "zulu_re" with gcc 4.2.1 Compatible Apple LLVM 6.1.0 (clang-602.0.53)

END.
